Arguments: 
  /home/brianzchen/.nvm/versions/node/v18.17.0/bin/node /home/brianzchen/.nvm/versions/node/v18.17.0/bin/yarn init

PATH: 
  /home/brianzchen/.local/share/pnpm:/home/brianzchen/.nvm/versions/node/v18.17.0/bin:/usr/local/sbin:/usr/local/bin:/usr/sbin:/usr/bin:/sbin:/bin:/usr/games:/usr/local/games:/usr/lib/wsl/lib:/mnt/c/WINDOWS/system32:/mnt/c/WINDOWS:/mnt/c/WINDOWS/System32/Wbem:/mnt/c/WINDOWS/System32/WindowsPowerShell/v1.0/:/mnt/c/WINDOWS/System32/OpenSSH/:/mnt/c/Program Files/Git/cmd:/mnt/c/Users/BrianC/AppData/Roaming/nvm:/mnt/c/Program Files/nodejs:/Docker/host/bin:/mnt/c/Program Files/Git LFS:/mnt/c/Users/BrianC/AppData/Local/pnpm:/mnt/c/Users/BrianC/AppData/Local/Microsoft/WindowsApps:/mnt/c/Users/BrianC/AppData/Local/Programs/Microsoft VS Code/bin:/mnt/c/Users/BrianC/AppData/Roaming/npm:/mnt/c/Users/BrianC/AppData/Roaming/nvm:/mnt/c/Program Files/nodejs:/snap/bin

Yarn version: 
  1.22.19

Node version: 
  18.17.0

Platform: 
  linux x64

Trace: 
  Error: canceled
      at Interface.<anonymous> (/home/brianzchen/.nvm/versions/node/v18.17.0/lib/node_modules/yarn/lib/cli.js:137150:13)
      at Interface.emit (node:events:514:28)
      at [_ttyWrite] [as _ttyWrite] (node:internal/readline/interface:1131:18)
      at ReadStream.onkeypress (node:internal/readline/interface:270:20)
      at ReadStream.emit (node:events:514:28)
      at emitKeys (node:internal/readline/utils:357:14)
      at emitKeys.next (<anonymous>)
      at ReadStream.onData (node:internal/readline/emitKeypressEvents:64:36)
      at ReadStream.emit (node:events:514:28)
      at addChunk (node:internal/streams/readable:324:12)

npm manifest: 
  No manifest

yarn manifest: 
  No manifest

Lockfile: 
  No lockfile
